app/build/outputs/mapping/release/mapping.txt
# compiler: R8
# compiler_version: 1.4.94
# min_api: 21
odia.sanskrit.ett.AboutFragmentActivity -> odia.sanskrit.ett.j:
    android.widget.ImageView imageview8 -> Ha
    android.widget.ImageView imageview4 -> Da
    android.widget.LinearLayout linear11 -> Fa
    android.widget.LinearLayout linear9 -> ya
    android.widget.ImageView imageview3 -> Ba
    android.widget.LinearLayout linear7 -> wa
    android.widget.TextView textview15 -> Ia
    android.widget.LinearLayout linear8 -> xa
    android.widget.TextView textview14 -> Ga
    android.widget.TextView textview12 -> Ea
    android.widget.LinearLayout linear10 -> qa
    android.widget.ImageView imageview2 -> za
    android.widget.LinearLayout linear4 -> ua
    android.widget.ImageView imageview5 -> ta
    android.widget.ImageView imageview7 -> sa
    android.widget.ImageView imageview6 -> ra
    android.widget.LinearLayout linear2 -> ga
    android.widget.ImageView imageview9 -> na
    android.widget.LinearLayout linear3 -> la
    android.widget.LinearLayout linear6 -> aa
    android.widget.TextView textview6 -> pa
    android.widget.TextView textview5 -> oa
    android.widget.LinearLayout linear12 -> fa
    android.widget.TextView textview4 -> ma
    android.widget.TextView textview11 -> ka
    android.widget.TextView textview3 -> ja
    android.widget.TextView textview2 -> ia
    android.widget.ScrollView vscroll2 -> Z
    android.widget.TextView textview1 -> ha
    android.widget.TextView textview9 -> Ca
    android.widget.TextView textview8 -> Aa
odia.sanskrit.ett.AboutFragmentActivity$1 -> odia.sanskrit.ett.a:
    odia.sanskrit.ett.AboutFragmentActivity this$0 -> a
odia.sanskrit.ett.AboutFragmentActivity$2 -> odia.sanskrit.ett.b:
    odia.sanskrit.ett.AboutFragmentActivity this$0 -> a
odia.sanskrit.ett.AboutFragmentActivity$3 -> odia.sanskrit.ett.c:
    odia.sanskrit.ett.AboutFragmentActivity this$0 -> a
odia.sanskrit.ett.AboutFragmentActivity$4 -> odia.sanskrit.ett.d:
    odia.sanskrit.ett.AboutFragmentActivity this$0 -> a
odia.sanskrit.ett.AboutFragmentActivity$5 -> odia.sanskrit.ett.e:
    odia.sanskrit.ett.AboutFragmentActivity this$0 -> a
odia.sanskrit.ett.AboutFragmentActivity$6 -> odia.sanskrit.ett.g:
    odia.sanskrit.ett.AboutFragmentActivity this$0 -> a
odia.sanskrit.ett.AboutFragmentActivity$6$1 -> odia.sanskrit.ett.f:
    odia.sanskrit.ett.AboutFragmentActivity$6 this$1 -> a
odia.sanskrit.ett.AboutFragmentActivity$7 -> odia.sanskrit.ett.h:
    odia.sanskrit.ett.AboutFragmentActivity this$0 -> a
odia.sanskrit.ett.AboutFragmentActivity$8 -> odia.sanskrit.ett.i:
    odia.sanskrit.ett.AboutFragmentActivity this$0 -> a
...
com.google.android.gms.internal.ads.zzbsy -> com.google.android.gms.internal.ads.zv:
    com.google.android.gms.internal.ads.zzdwo zzfiu -> b
    com.google.android.gms.internal.ads.zzdwo zzfit -> a
    com.google.android.gms.internal.ads.zzbsy zzj(com.google.android.gms.internal.ads.zzdwo,com.google.android.gms.internal.ads.zzdwo) -> a
com.google.android.gms.internal.ads.zzbsz -> com.google.android.gms.internal.ads.Av:
    com.google.android.gms.internal.ads.zzcvr zzfiw -> b
    com.google.android.gms.internal.ads.zzbni zzfiv -> a
    void onAdOpened() -> I
    void onAdLeftApplication() -> J
    void onAdClosed() -> K
    void zzb(com.google.android.gms.internal.ads.zzapy,java.lang.String,java.lang.String) -> a
    void onRewardedVideoStarted() -> i
    void onRewardedVideoCompleted() -> j
com.google.android.gms.internal.ads.zzbt -> com.google.android.gms.internal.ads.Bv:
    com.google.android.gms.internal.ads.zzdrc zzep -> a
    boolean zzf(int) -> a
com.google.android.gms.internal.ads.zzbta -> com.google.android.gms.internal.ads.Cv:
    com.google.android.gms.internal.ads.zzdwo zzfit -> a
    com.google.android.gms.internal.ads.zzbta zzv(com.google.android.gms.internal.ads.zzdwo) -> a
com.google.android.gms.internal.ads.zzbtb -> com.google.android.gms.internal.ads.Dv:
    com.google.android.gms.internal.ads.zzbnl zzfix -> a
    void onHide() -> a
    void zzagp() -> b
com.google.android.gms.internal.ads.zzbtc -> com.google.android.gms.internal.ads.Ev:
    com.google.android.gms.internal.ads.zzdwo zzejy -> b
    com.google.android.gms.internal.ads.zzdwo zzfaq -> c
    com.google.android.gms.internal.ads.zzdwo zzfdt -> d
    com.google.android.gms.internal.ads.zzdwo zzfcr -> e
    com.google.android.gms.internal.ads.zzdwo zzffe -> a
    com.google.android.gms.internal.ads.zzbtc zze(com.google.android.gms.internal.ads.zzdwo,com.google.android.gms.internal.ads.zzdwo,com.google.android.gms.internal.ads.zzdwo,com.google.android.gms.internal.ads.zzdwo,com.google.android.gms.internal.ads.zzdwo) -> a
com.google.android.gms.internal.ads.zzbtd -> com.google.android.gms.internal.ads.Fv:
    android.content.Context zzlk -> b
    com.google.android.gms.internal.ads.zzasm zzfff -> a
    int zzfis -> f
    com.google.android.gms.internal.ads.zzasl zzbnf -> c
    android.view.View view -> d
    java.lang.String zzfiy -> e
    void onAdOpened() -> I
    void onAdLeftApplication() -> J
    void onAdClosed() -> K
    void zzagn() -> L
    void zzb(com.google.android.gms.internal.ads.zzapy,java.lang.String,java.lang.String) -> a
    void onRewardedVideoStarted() -> i
    void onRewardedVideoCompleted() -> j
com.google.android.gms.internal.ads.zzbte -> com.google.android.gms.internal.ads.Gv:
    com.google.android.gms.internal.ads.zzdwo zzfiz -> b
    com.google.android.gms.internal.ads.zzdwo zzfja -> c
    com.google.android.gms.internal.ads.zzdwo zzfjb -> d
    com.google.android.gms.internal.ads.zzdwo zzfdw -> e
    com.google.android.gms.internal.ads.zzdwo zzffl -> a
com.google.android.gms.internal.ads.zzbtf -> com.google.android.gms.internal.ads.Hv:
    java.util.Map zzffj -> a
    java.util.Map zzfjc -> b
    com.google.android.gms.internal.ads.zzbuy zzfdo -> e
    java.util.Map zzfjd -> c
    com.google.android.gms.internal.ads.zzdwo zzfjb -> d
    com.google.android.gms.internal.ads.zzcga zze(int,java.lang.String) -> a
com.google.android.gms.internal.ads.zzbtg -> com.google.android.gms.internal.ads.Iv:
    com.google.android.gms.internal.ads.zzbth zzfje -> a
com.google.android.gms.internal.ads.zzbth -> com.google.android.gms.internal.ads.Jv:
    com.google.android.gms.internal.ads.zzbuy zzfdo -> a
    com.google.android.gms.internal.ads.zzuy zzfjf -> b
    com.google.android.gms.internal.ads.zzbuy zzagy() -> a
    com.google.android.gms.internal.ads.zzuy zzagz() -> b